---------------------------------------------------------------
[ 2020-12-28T19:24:41+08:00 ] 127.0.0.1 GET www.weba.com/
[运行时间：0.420596s] [吞吐率：2.38req/s] [内存消耗：3,960.81kb] [文件加载：134]
[ info ] [ BEHAVIOR ] Run Closure @app_init [ RunTime:0.000116s ]
[ info ] [ CACHE ] INIT File
[ info ] [ BEHAVIOR ] Run Closure @app_init [ RunTime:0.004484s ]
[ info ] [ LANG ] D:\phpstudy_pro\WWW\weba\thinkphp\lang\zh-cn.php
[ info ] [ BEHAVIOR ] Run app\common\behavior\Common @app_dispatch [ RunTime:0.000912s ]
[ info ] [ ROUTE ] array (
  'type' => 'module',
  'module' => 
  array (
    0 => 'index',
    1 => 'index',
    2 => 'route',
  ),
  'convert' => false,
)
[ info ] [ HEADER ] array (
  'accept-language' => 'zh-CN,zh;q=0.9',
  'accept-encoding' => 'gzip, deflate',
  'accept' => 'text/html,application/xhtml+xml,application/xml;q=0.9,image/avif,image/webp,image/apng,*/*;q=0.8,application/signed-exchange;v=b3;q=0.9',
  'user-agent' => 'Mozilla/5.0 (Windows NT 10.0; WOW64) AppleWebKit/537.36 (KHTML, like Gecko) Chrome/86.0.4240.198 Safari/537.36',
  'upgrade-insecure-requests' => '1',
  'connection' => 'keep-alive',
  'host' => 'www.weba.com',
  'content-length' => '',
  'content-type' => '',
)
[ info ] [ PARAM ] array (
  'class' => '',
  'id' => '',
)
[ info ] [ LANG ] D:\phpstudy_pro\WWW\weba\public/../application/index\lang\zh-cn.php
[ info ] [ BEHAVIOR ] Run app\common\behavior\Common @module_init [ RunTime:0.002454s ]
[ info ] [ LANG ] D:\phpstudy_pro\WWW\weba\public/../application/index/lang/zh-cn/index.php
[ info ] [ DB ] INIT mysql
[ info ] [ VIEW ] D:\phpstudy_pro\WWW\weba\public/../application/index\view\plugin\carousel\index.html [ array (
  0 => 'user',
  1 => 'site',
  2 => 'config',
  3 => 'navbarlist',
  4 => 'layout_carousellist',
) ]
[ info ] [ RUN ] app\index\controller\Index->route[ D:\phpstudy_pro\WWW\weba\application\index\controller\Index.php ]
[ info ] [ VIEW ] D:\phpstudy_pro\WWW\weba\public/../application/index\view\route\index.html [ array (
  0 => 'user',
  1 => 'site',
  2 => 'config',
  3 => 'navbarlist',
  4 => 'layout_carousellist',
  5 => 'layout_carousel',
  6 => 'layout_footernavlist',
) ]
[ info ] [ LOG ] INIT File
